<?xml version="1.0" encoding="UTF-8"?>
<testsuite name="com.theironyard.IronJobsApplicationTests" tests="1" skipped="0" failures="0" errors="0" timestamp="2016-08-04T14:59:34" hostname="Nigels-MacBook-Pro.local" time="0.019">
  <properties/>
  <testcase name="contextLoads" classname="com.theironyard.IronJobsApplicationTests" time="0.019"/>
  <system-out><![CDATA[07:59:25.500 [Test worker] DEBUG org.springframework.test.context.junit4.SpringJUnit4ClassRunner - SpringJUnit4ClassRunner constructor called with [class com.theironyard.IronJobsApplicationTests]
07:59:25.506 [Test worker] DEBUG org.springframework.test.context.BootstrapUtils - Instantiating CacheAwareContextLoaderDelegate from class [org.springframework.test.context.cache.DefaultCacheAwareContextLoaderDelegate]
07:59:25.515 [Test worker] DEBUG org.springframework.test.context.BootstrapUtils - Instantiating BootstrapContext using constructor [public org.springframework.test.context.support.DefaultBootstrapContext(java.lang.Class,org.springframework.test.context.CacheAwareContextLoaderDelegate)]
07:59:25.538 [Test worker] DEBUG org.springframework.test.context.BootstrapUtils - Instantiating TestContextBootstrapper for test class [com.theironyard.IronJobsApplicationTests] from class [org.springframework.boot.test.context.SpringBootTestContextBootstrapper]
07:59:25.554 [Test worker] INFO org.springframework.boot.test.context.SpringBootTestContextBootstrapper - Neither @ContextConfiguration nor @ContextHierarchy found for test class [com.theironyard.IronJobsApplicationTests], using SpringBootContextLoader
07:59:25.559 [Test worker] DEBUG org.springframework.test.context.support.AbstractContextLoader - Did not detect default resource location for test class [com.theironyard.IronJobsApplicationTests]: class path resource [com/theironyard/IronJobsApplicationTests-context.xml] does not exist
07:59:25.560 [Test worker] DEBUG org.springframework.test.context.support.AbstractContextLoader - Did not detect default resource location for test class [com.theironyard.IronJobsApplicationTests]: class path resource [com/theironyard/IronJobsApplicationTestsContext.groovy] does not exist
07:59:25.560 [Test worker] INFO org.springframework.test.context.support.AbstractContextLoader - Could not detect default resource locations for test class [com.theironyard.IronJobsApplicationTests]: no resource found for suffixes {-context.xml, Context.groovy}.
07:59:25.561 [Test worker] INFO org.springframework.test.context.support.AnnotationConfigContextLoaderUtils - Could not detect default configuration classes for test class [com.theironyard.IronJobsApplicationTests]: IronJobsApplicationTests does not declare any static, non-private, non-final, nested classes annotated with @Configuration.
07:59:25.622 [Test worker] DEBUG org.springframework.test.context.support.ActiveProfilesUtils - Could not find an 'annotation declaring class' for annotation type [org.springframework.test.context.ActiveProfiles] and class [com.theironyard.IronJobsApplicationTests]
07:59:25.671 [Test worker] DEBUG org.springframework.core.env.StandardEnvironment - Adding [systemProperties] PropertySource with lowest search precedence
07:59:25.672 [Test worker] DEBUG org.springframework.core.env.StandardEnvironment - Adding [systemEnvironment] PropertySource with lowest search precedence
07:59:25.672 [Test worker] DEBUG org.springframework.core.env.StandardEnvironment - Initialized StandardEnvironment with PropertySources [systemProperties,systemEnvironment]
07:59:25.683 [Test worker] DEBUG org.springframework.core.io.support.PathMatchingResourcePatternResolver - Resolved classpath location [com/theironyard/] to resources [URL [file:/Users/Nigel/tiy/iron-jobs/build/classes/test/com/theironyard/], URL [file:/Users/Nigel/tiy/iron-jobs/build/classes/main/com/theironyard/]]
07:59:25.684 [Test worker] DEBUG org.springframework.core.io.support.PathMatchingResourcePatternResolver - Looking for matching resources in directory tree [/Users/Nigel/tiy/iron-jobs/build/classes/test/com/theironyard]
07:59:25.684 [Test worker] DEBUG org.springframework.core.io.support.PathMatchingResourcePatternResolver - Searching directory [/Users/Nigel/tiy/iron-jobs/build/classes/test/com/theironyard] for files matching pattern [/Users/Nigel/tiy/iron-jobs/build/classes/test/com/theironyard/*.class]
07:59:25.688 [Test worker] DEBUG org.springframework.core.io.support.PathMatchingResourcePatternResolver - Looking for matching resources in directory tree [/Users/Nigel/tiy/iron-jobs/build/classes/main/com/theironyard]
07:59:25.689 [Test worker] DEBUG org.springframework.core.io.support.PathMatchingResourcePatternResolver - Searching directory [/Users/Nigel/tiy/iron-jobs/build/classes/main/com/theironyard] for files matching pattern [/Users/Nigel/tiy/iron-jobs/build/classes/main/com/theironyard/*.class]
07:59:25.690 [Test worker] DEBUG org.springframework.core.io.support.PathMatchingResourcePatternResolver - Resolved location pattern [classpath*:com/theironyard/*.class] to resources [file [/Users/Nigel/tiy/iron-jobs/build/classes/test/com/theironyard/IronJobsApplicationTests.class], file [/Users/Nigel/tiy/iron-jobs/build/classes/main/com/theironyard/IronJobsApplication.class]]
07:59:25.751 [Test worker] DEBUG org.springframework.context.annotation.ClassPathScanningCandidateComponentProvider - Identified candidate component class: file [/Users/Nigel/tiy/iron-jobs/build/classes/main/com/theironyard/IronJobsApplication.class]
07:59:25.752 [Test worker] INFO org.springframework.boot.test.context.SpringBootTestContextBootstrapper - Found @SpringBootConfiguration com.theironyard.IronJobsApplication for test class com.theironyard.IronJobsApplicationTests
07:59:25.758 [Test worker] DEBUG org.springframework.boot.test.context.SpringBootTestContextBootstrapper - @TestExecutionListeners is not present for class [com.theironyard.IronJobsApplicationTests]: using defaults.
07:59:25.764 [Test worker] INFO org.springframework.boot.test.context.SpringBootTestContextBootstrapper - Loaded default TestExecutionListener class names from location [META-INF/spring.factories]: [org.springframework.boot.test.mock.mockito.MockitoTestExecutionListener, org.springframework.boot.test.mock.mockito.ResetMocksTestExecutionListener, org.springframework.boot.test.autoconfigure.AutoConfigureReportTestExecutionListener, org.springframework.boot.test.autoconfigure.restdocs.RestDocsTestExecutionListener, org.springframework.boot.test.autoconfigure.web.client.MockRestServiceServerResetTestExecutionListener, org.springframework.test.context.web.ServletTestExecutionListener, org.springframework.test.context.support.DirtiesContextBeforeModesTestExecutionListener, org.springframework.test.context.support.DependencyInjectionTestExecutionListener, org.springframework.test.context.support.DirtiesContextTestExecutionListener, org.springframework.test.context.transaction.TransactionalTestExecutionListener, org.springframework.test.context.jdbc.SqlScriptsTestExecutionListener]
07:59:25.784 [Test worker] INFO org.springframework.boot.test.context.SpringBootTestContextBootstrapper - Using TestExecutionListeners: [org.springframework.test.context.web.ServletTestExecutionListener@68407e9b, org.springframework.test.context.support.DirtiesContextBeforeModesTestExecutionListener@2044f161, org.springframework.boot.test.autoconfigure.AutoConfigureReportTestExecutionListener@1942e90, org.springframework.test.context.support.DependencyInjectionTestExecutionListener@47467c18, org.springframework.test.context.support.DirtiesContextTestExecutionListener@2c9976cd, org.springframework.test.context.transaction.TransactionalTestExecutionListener@2bd155c6, org.springframework.test.context.jdbc.SqlScriptsTestExecutionListener@b911e82, org.springframework.boot.test.autoconfigure.restdocs.RestDocsTestExecutionListener@7fc31554, org.springframework.boot.test.mock.mockito.MockitoTestExecutionListener@188b2b7f, org.springframework.boot.test.autoconfigure.web.client.MockRestServiceServerResetTestExecutionListener@395532cd, org.springframework.boot.test.mock.mockito.ResetMocksTestExecutionListener@3a334e6b]
07:59:25.788 [Test worker] DEBUG org.springframework.test.annotation.ProfileValueUtils - Retrieved @ProfileValueSourceConfiguration [null] for test class [com.theironyard.IronJobsApplicationTests]
07:59:25.789 [Test worker] DEBUG org.springframework.test.annotation.ProfileValueUtils - Retrieved ProfileValueSource type [class org.springframework.test.annotation.SystemProfileValueSource] for class [com.theironyard.IronJobsApplicationTests]
07:59:25.790 [Test worker] DEBUG org.springframework.test.annotation.ProfileValueUtils - Retrieved @ProfileValueSourceConfiguration [null] for test class [com.theironyard.IronJobsApplicationTests]
07:59:25.790 [Test worker] DEBUG org.springframework.test.annotation.ProfileValueUtils - Retrieved ProfileValueSource type [class org.springframework.test.annotation.SystemProfileValueSource] for class [com.theironyard.IronJobsApplicationTests]
07:59:25.795 [Test worker] DEBUG org.springframework.test.context.support.AbstractDirtiesContextTestExecutionListener - Before test class: context [DefaultTestContext@1db133f5 testClass = IronJobsApplicationTests, testInstance = [null], testMethod = [null], testException = [null], mergedContextConfiguration = [WebMergedContextConfiguration@4808711d testClass = IronJobsApplicationTests, locations = '{}', classes = '{class com.theironyard.IronJobsApplication}', contextInitializerClasses = '[]', activeProfiles = '{}', propertySourceLocations = '{}', propertySourceProperties = '{org.springframework.boot.test.context.SpringBootTestContextBootstrapper=true}', contextCustomizers = set[org.springframework.boot.test.context.SpringBootTestContextCustomizer@3926de54, org.springframework.boot.test.context.filter.ExcludeFilterContextCustomizer@3329a3ef, org.springframework.boot.test.mock.mockito.MockitoContextCustomizer@0, org.springframework.boot.test.autoconfigure.properties.PropertyMappingContextCustomizer@0], resourceBasePath = 'src/main/webapp', contextLoader = 'org.springframework.boot.test.context.SpringBootContextLoader', parent = [null]]], class annotated with @DirtiesContext [false] with mode [null].
07:59:25.796 [Test worker] DEBUG org.springframework.test.annotation.ProfileValueUtils - Retrieved @ProfileValueSourceConfiguration [null] for test class [com.theironyard.IronJobsApplicationTests]
07:59:25.796 [Test worker] DEBUG org.springframework.test.annotation.ProfileValueUtils - Retrieved ProfileValueSource type [class org.springframework.test.annotation.SystemProfileValueSource] for class [com.theironyard.IronJobsApplicationTests]
07:59:25.836 [Test worker] DEBUG org.springframework.core.env.StandardEnvironment - Adding [systemProperties] PropertySource with lowest search precedence
07:59:25.836 [Test worker] DEBUG org.springframework.core.env.StandardEnvironment - Adding [systemEnvironment] PropertySource with lowest search precedence
07:59:25.836 [Test worker] DEBUG org.springframework.core.env.StandardEnvironment - Initialized StandardEnvironment with PropertySources [systemProperties,systemEnvironment]
07:59:25.838 [Test worker] DEBUG org.springframework.test.context.support.TestPropertySourceUtils - Adding inlined properties to environment: {spring.jmx.enabled=false, org.springframework.boot.test.context.SpringBootTestContextBootstrapper=true, server.port=-1}
07:59:25.839 [Test worker] DEBUG org.springframework.core.env.StandardEnvironment - Adding [Inlined Test Properties] PropertySource with highest search precedence

  .   ____          _            __ _ _
 /\\ / ___'_ __ _ _(_)_ __  __ _ \ \ \ \
( ( )\___ | '_ | '_| | '_ \/ _` | \ \ \ \
 \\/  ___)| |_)| | | | | || (_| |  ) ) ) )
  '  |____| .__|_| |_|_| |_\__, | / / / /
 =========|_|==============|___/=/_/_/_/
 :: Spring Boot ::        (v1.4.0.RELEASE)

2016-08-04 07:59:26.711  INFO 8065 --- [    Test worker] c.theironyard.IronJobsApplicationTests   : Starting IronJobsApplicationTests on Nigels-MacBook-Pro.local with PID 8065 (started by Nigel in /Users/Nigel/tiy/iron-jobs)
2016-08-04 07:59:26.714  INFO 8065 --- [    Test worker] c.theironyard.IronJobsApplicationTests   : No active profile set, falling back to default profiles: default
2016-08-04 07:59:26.766  INFO 8065 --- [    Test worker] o.s.w.c.s.GenericWebApplicationContext   : Refreshing org.springframework.web.context.support.GenericWebApplicationContext@580d58ac: startup date [Thu Aug 04 07:59:26 PDT 2016]; root of context hierarchy
2016-08-04 07:59:29.212  INFO 8065 --- [    Test worker] trationDelegate$BeanPostProcessorChecker : Bean 'org.springframework.transaction.annotation.ProxyTransactionManagementConfiguration' of type [class org.springframework.transaction.annotation.ProxyTransactionManagementConfiguration$$EnhancerBySpringCGLIB$$bf814d64] is not eligible for getting processed by all BeanPostProcessors (for example: not eligible for auto-proxying)
2016-08-04 07:59:30.216  INFO 8065 --- [    Test worker] j.LocalContainerEntityManagerFactoryBean : Building JPA container EntityManagerFactory for persistence unit 'default'
2016-08-04 07:59:30.259  INFO 8065 --- [    Test worker] o.hibernate.jpa.internal.util.LogHelper  : HHH000204: Processing PersistenceUnitInfo [
	name: default
	...]
2016-08-04 07:59:30.373  INFO 8065 --- [    Test worker] org.hibernate.Version                    : HHH000412: Hibernate Core {5.0.9.Final}
2016-08-04 07:59:30.376  INFO 8065 --- [    Test worker] org.hibernate.cfg.Environment            : HHH000206: hibernate.properties not found
2016-08-04 07:59:30.378  INFO 8065 --- [    Test worker] org.hibernate.cfg.Environment            : HHH000021: Bytecode provider name : javassist
2016-08-04 07:59:30.447  INFO 8065 --- [    Test worker] o.hibernate.annotations.common.Version   : HCANN000001: Hibernate Commons Annotations {5.0.1.Final}
2016-08-04 07:59:30.641  INFO 8065 --- [    Test worker] org.hibernate.dialect.Dialect            : HHH000400: Using dialect: org.hibernate.dialect.H2Dialect
2016-08-04 07:59:31.839  INFO 8065 --- [    Test worker] org.hibernate.tool.hbm2ddl.SchemaExport  : HHH000227: Running hbm2ddl schema export
2016-08-04 07:59:31.876  INFO 8065 --- [    Test worker] org.hibernate.tool.hbm2ddl.SchemaExport  : HHH000230: Schema export complete
2016-08-04 07:59:31.925  INFO 8065 --- [    Test worker] j.LocalContainerEntityManagerFactoryBean : Initialized JPA EntityManagerFactory for persistence unit 'default'
2016-08-04 07:59:33.207  INFO 8065 --- [    Test worker] s.w.s.m.m.a.RequestMappingHandlerAdapter : Looking for @ControllerAdvice: org.springframework.web.context.support.GenericWebApplicationContext@580d58ac: startup date [Thu Aug 04 07:59:26 PDT 2016]; root of context hierarchy
2016-08-04 07:59:33.368  INFO 8065 --- [    Test worker] s.w.s.m.m.a.RequestMappingHandlerMapping : Mapped "{[/error]}" onto public org.springframework.http.ResponseEntity<java.util.Map<java.lang.String, java.lang.Object>> org.springframework.boot.autoconfigure.web.BasicErrorController.error(javax.servlet.http.HttpServletRequest)
2016-08-04 07:59:33.370  INFO 8065 --- [    Test worker] s.w.s.m.m.a.RequestMappingHandlerMapping : Mapped "{[/error],produces=[text/html]}" onto public org.springframework.web.servlet.ModelAndView org.springframework.boot.autoconfigure.web.BasicErrorController.errorHtml(javax.servlet.http.HttpServletRequest,javax.servlet.http.HttpServletResponse)
2016-08-04 07:59:33.443  INFO 8065 --- [    Test worker] o.s.w.s.handler.SimpleUrlHandlerMapping  : Mapped URL path [/webjars/**] onto handler of type [class org.springframework.web.servlet.resource.ResourceHttpRequestHandler]
2016-08-04 07:59:33.443  INFO 8065 --- [    Test worker] o.s.w.s.handler.SimpleUrlHandlerMapping  : Mapped URL path [/**] onto handler of type [class org.springframework.web.servlet.resource.ResourceHttpRequestHandler]
2016-08-04 07:59:33.518  INFO 8065 --- [    Test worker] o.s.w.s.handler.SimpleUrlHandlerMapping  : Mapped URL path [/**/favicon.ico] onto handler of type [class org.springframework.web.servlet.resource.ResourceHttpRequestHandler]
2016-08-04 07:59:34.001  INFO 8065 --- [    Test worker] c.theironyard.IronJobsApplicationTests   : Started IronJobsApplicationTests in 8.149 seconds (JVM running for 9.486)
]]></system-out>
  <system-err><![CDATA[]]></system-err>
</testsuite>
